<?xml version="1.0" encoding="UTF-8"?>
<!-- Generated by org.testng.reporters.JUnitXMLReporter -->
<testsuite hostname="LAPTOP-0K49LJKR" name="Invalid Login Test" tests="2" failures="0" timestamp="20 Mar 2019 02:23:29 GMT" time="31.823" errors="0">
  <testcase name="invalidLoginTest" time="10.143" classname="testCase.logintestcase.InvalidLoginTest"/>
  <testcase name="invalidLoginTest" time="8.839" classname="testCase.logintestcase.InvalidLoginTest"/>
</testsuite> <!-- Invalid Login Test -->
