<?xml version="1.0" encoding="UTF-8"?>
<!-- Generated by org.testng.reporters.JUnitXMLReporter -->
<testsuite hostname="LAPTOP-0K49LJKR" name="Invalid Login Test" tests="2" failures="0" timestamp="14 Mar 2019 10:17:47 GMT" time="34.541" errors="0">
  <testcase name="invalidLoginTest" time="9.91" classname="testCase.logintestcase.InvalidLoginTest"/>
  <testcase name="invalidLoginTest" time="11.309" classname="testCase.logintestcase.InvalidLoginTest"/>
</testsuite> <!-- Invalid Login Test -->
