<?xml version="1.0" encoding="UTF-8"?>
<!-- Generated by org.testng.reporters.JUnitXMLReporter -->
<testsuite hostname="LAPTOP-0K49LJKR" name="Valid Login Test" tests="1" failures="1" timestamp="14 Mar 2019 10:17:54 GMT" time="6.376" errors="0">
  <testcase name="validLoginTest" time="0.001" classname="testCase.logintestcase.ValidLoginTest">
    <failure type="java.lang.NullPointerException">
      <![CDATA[java.lang.NullPointerException
	at testCase.logintestcase.ValidLoginTest.validLoginTest(ValidLoginTest.java:14)
... Removed 24 stack frames]]>
    </failure>
  </testcase> <!-- validLoginTest -->
</testsuite> <!-- Valid Login Test -->
