<?xml version="1.0" encoding="UTF-8"?>
<!-- Generated by org.testng.reporters.JUnitXMLReporter -->
<testsuite hostname="LAPTOP-0K49LJKR" name="Verify MyAccountPage Test" tests="2" failures="0" timestamp="20 Mar 2019 02:23:59 GMT" time="14.396" errors="0">
  <testcase name="validLoginTest" time="4.959" classname="testCase.logintestcase.ValidLoginTest"/>
  <testcase name="verifyMyAccountpage" time="0.361" classname="testCase.myaccounttestcase.MyaccountTC"/>
</testsuite> <!-- Verify MyAccountPage Test -->
