<?xml version="1.0" encoding="UTF-8"?>
<!-- Generated by org.testng.reporters.JUnitXMLReporter -->
<testsuite hostname="LAPTOP-0K49LJKR" name="Verify MyAccountPage Test" tests="2" failures="2" timestamp="14 Mar 2019 10:18:06 GMT" time="12.108" errors="0">
  <testcase name="validLoginTest" time="0.001" classname="testCase.logintestcase.ValidLoginTest">
    <failure type="java.lang.NullPointerException">
      <![CDATA[java.lang.NullPointerException
	at testCase.logintestcase.ValidLoginTest.validLoginTest(ValidLoginTest.java:14)
... Removed 24 stack frames]]>
    </failure>
  </testcase> <!-- validLoginTest -->
  <testcase name="verifyMyAccountpage" time="0.046" classname="testCase.myaccounttestcase.MyaccountTC">
    <failure type="junit.framework.AssertionFailedError">
      <![CDATA[junit.framework.AssertionFailedError
	at junit.framework.Assert.fail(Assert.java:48)
	at junit.framework.Assert.assertTrue(Assert.java:20)
	at junit.framework.Assert.assertTrue(Assert.java:27)
	at actionscript.MyAccountPageScript.checkMyAccountheaderandnavigation(MyAccountPageScript.java:16)
	at testCase.myaccounttestcase.MyaccountTC.verifyMyAccountpage(MyaccountTC.java:13)
... Removed 24 stack frames]]>
    </failure>
  </testcase> <!-- verifyMyAccountpage -->
</testsuite> <!-- Verify MyAccountPage Test -->
