<?xml version="1.0" encoding="UTF-8"?>
<testng-results skipped="0" failed="1" total="4" passed="3">
  <reporter-output>
  </reporter-output>
  <suite name="Suite" duration-ms="118442" started-at="2019-03-10T13:47:32Z" finished-at="2019-03-10T13:49:31Z">
    <groups>
    </groups>
    <test name="Chrome Test" duration-ms="66544" started-at="2019-03-10T13:47:32Z" finished-at="2019-03-10T13:48:39Z">
      <class name="testCase.LoginTC">
        <test-method status="PASS" signature="start(java.lang.String)[pri:0, instance:testCase.LoginTC@675d3402]" name="start" is-config="true" duration-ms="4025" started-at="2019-03-10T21:47:32Z" finished-at="2019-03-10T21:47:36Z">
          <params>
            <param index="0">
              <value>
                <![CDATA[chrome]]>
              </value>
            </param>
          </params>
          <reporter-output>
          </reporter-output>
        </test-method> <!-- start -->
        <test-method status="PASS" signature="initiatebrowser()[pri:0, instance:testCase.LoginTC@675d3402]" name="initiatebrowser" is-config="true" duration-ms="12524" started-at="2019-03-10T21:47:37Z" finished-at="2019-03-10T21:47:50Z">
          <reporter-output>
          </reporter-output>
        </test-method> <!-- initiatebrowser -->
        <test-method status="PASS" signature="Logintestcase(java.lang.String, java.lang.String)[pri:0, instance:testCase.LoginTC@675d3402]" name="Logintestcase" duration-ms="13433" started-at="2019-03-10T21:47:50Z" data-provider="Login Authentication" finished-at="2019-03-10T21:48:03Z">
          <params>
            <param index="0">
              <value>
                <![CDATA[santhi.asusvivobook@gmail.com]]>
              </value>
            </param>
            <param index="1">
              <value>
                <![CDATA[automation123]]>
              </value>
            </param>
          </params>
          <reporter-output>
          </reporter-output>
        </test-method> <!-- Logintestcase -->
        <test-method status="PASS" signature="teardown()[pri:0, instance:testCase.LoginTC@675d3402]" name="teardown" is-config="true" duration-ms="736" started-at="2019-03-10T21:48:03Z" finished-at="2019-03-10T21:48:04Z">
          <reporter-output>
          </reporter-output>
        </test-method> <!-- teardown -->
      </class> <!-- testCase.LoginTC -->
      <class name="testCase.MyaccountTC">
        <test-method status="PASS" signature="start(java.lang.String)[pri:0, instance:testCase.MyaccountTC@55f3ddb1]" name="start" is-config="true" duration-ms="3402" started-at="2019-03-10T21:48:04Z" finished-at="2019-03-10T21:48:07Z">
          <params>
            <param index="0">
              <value>
                <![CDATA[chrome]]>
              </value>
            </param>
          </params>
          <reporter-output>
          </reporter-output>
        </test-method> <!-- start -->
        <test-method status="PASS" signature="initiatebrowser()[pri:0, instance:testCase.MyaccountTC@55f3ddb1]" name="initiatebrowser" is-config="true" duration-ms="11747" started-at="2019-03-10T21:48:08Z" finished-at="2019-03-10T21:48:19Z">
          <reporter-output>
          </reporter-output>
        </test-method> <!-- initiatebrowser -->
        <test-method status="PASS" signature="Logintestcase(java.lang.String, java.lang.String)[pri:0, instance:testCase.MyaccountTC@55f3ddb1]" name="Logintestcase" duration-ms="11379" started-at="2019-03-10T21:48:19Z" data-provider="Login Authentication" finished-at="2019-03-10T21:48:31Z">
          <params>
            <param index="0">
              <value>
                <![CDATA[santhi.asusvivobook@gmail.com]]>
              </value>
            </param>
            <param index="1">
              <value>
                <![CDATA[automation123]]>
              </value>
            </param>
          </params>
          <reporter-output>
          </reporter-output>
        </test-method> <!-- Logintestcase -->
        <test-method status="PASS" signature="initiatebrowser()[pri:0, instance:testCase.MyaccountTC@55f3ddb1]" name="initiatebrowser" is-config="true" duration-ms="7520" started-at="2019-03-10T21:48:31Z" finished-at="2019-03-10T21:48:38Z">
          <reporter-output>
          </reporter-output>
        </test-method> <!-- initiatebrowser -->
        <test-method status="FAIL" signature="verifyMyAccountpage()[pri:0, instance:testCase.MyaccountTC@55f3ddb1]" name="verifyMyAccountpage" duration-ms="96" started-at="2019-03-10T21:48:38Z" finished-at="2019-03-10T21:48:38Z">
          <exception class="org.openqa.selenium.NoSuchElementException">
            <message>
              <![CDATA[no such element: Unable to locate element: {"method":"css selector","selector":"a[title='Orders']"}
  (Session info: chrome=72.0.3626.121)
  (Driver info: chromedriver=2.42.591088 (7b2b2dca23cca0862f674758c9a3933e685c27d5),platform=Windows NT 10.0.17134 x86_64) (WARNING: The server did not provide any stacktrace information)
Command duration or timeout: 0 milliseconds
For documentation on this error, please visit: https://www.seleniumhq.org/exceptions/no_such_element.html
Build info: version: '3.141.59', revision: 'e82be7d358', time: '2018-11-14T08:17:03'
System info: host: 'LAPTOP-0K49LJKR', ip: '192.168.0.8', os.name: 'Windows 10', os.arch: 'amd64', os.version: '10.0', java.version: '1.8.0_201'
Driver info: org.openqa.selenium.chrome.ChromeDriver
Capabilities {acceptInsecureCerts: false, acceptSslCerts: false, applicationCacheEnabled: false, browserConnectionEnabled: false, browserName: chrome, chrome: {chromedriverVersion: 2.42.591088 (7b2b2dca23cca0..., userDataDir: C:\Users\Twister\AppData\Lo...}, cssSelectorsEnabled: true, databaseEnabled: false, goog:chromeOptions: {debuggerAddress: localhost:62073}, handlesAlerts: true, hasTouchScreen: false, javascriptEnabled: true, locationContextEnabled: true, mobileEmulationEnabled: false, nativeEvents: true, networkConnectionEnabled: false, pageLoadStrategy: normal, platform: XP, platformName: XP, rotatable: false, setWindowRect: true, takesHeapSnapshot: true, takesScreenshot: true, unexpectedAlertBehaviour: , unhandledPromptBehavior: , version: 72.0.3626.121, webStorageEnabled: true}
Session ID: d394dbfa40bde252a68b0d491f501bee
*** Element info: {Using=css selector, value=a[title='Orders']}]]>
            </message>
            <full-stacktrace>
              <![CDATA[org.openqa.selenium.NoSuchElementException: no such element: Unable to locate element: {"method":"css selector","selector":"a[title='Orders']"}
  (Session info: chrome=72.0.3626.121)
  (Driver info: chromedriver=2.42.591088 (7b2b2dca23cca0862f674758c9a3933e685c27d5),platform=Windows NT 10.0.17134 x86_64) (WARNING: The server did not provide any stacktrace information)
Command duration or timeout: 0 milliseconds
For documentation on this error, please visit: https://www.seleniumhq.org/exceptions/no_such_element.html
Build info: version: '3.141.59', revision: 'e82be7d358', time: '2018-11-14T08:17:03'
System info: host: 'LAPTOP-0K49LJKR', ip: '192.168.0.8', os.name: 'Windows 10', os.arch: 'amd64', os.version: '10.0', java.version: '1.8.0_201'
Driver info: org.openqa.selenium.chrome.ChromeDriver
Capabilities {acceptInsecureCerts: false, acceptSslCerts: false, applicationCacheEnabled: false, browserConnectionEnabled: false, browserName: chrome, chrome: {chromedriverVersion: 2.42.591088 (7b2b2dca23cca0..., userDataDir: C:\Users\Twister\AppData\Lo...}, cssSelectorsEnabled: true, databaseEnabled: false, goog:chromeOptions: {debuggerAddress: localhost:62073}, handlesAlerts: true, hasTouchScreen: false, javascriptEnabled: true, locationContextEnabled: true, mobileEmulationEnabled: false, nativeEvents: true, networkConnectionEnabled: false, pageLoadStrategy: normal, platform: XP, platformName: XP, rotatable: false, setWindowRect: true, takesHeapSnapshot: true, takesScreenshot: true, unexpectedAlertBehaviour: , unhandledPromptBehavior: , version: 72.0.3626.121, webStorageEnabled: true}
Session ID: d394dbfa40bde252a68b0d491f501bee
*** Element info: {Using=css selector, value=a[title='Orders']}
	at sun.reflect.NativeConstructorAccessorImpl.newInstance0(Native Method)
	at sun.reflect.NativeConstructorAccessorImpl.newInstance(Unknown Source)
	at sun.reflect.DelegatingConstructorAccessorImpl.newInstance(Unknown Source)
	at java.lang.reflect.Constructor.newInstance(Unknown Source)
	at org.openqa.selenium.remote.ErrorHandler.createThrowable(ErrorHandler.java:214)
	at org.openqa.selenium.remote.ErrorHandler.throwIfResponseFailed(ErrorHandler.java:166)
	at org.openqa.selenium.remote.http.JsonHttpResponseCodec.reconstructValue(JsonHttpResponseCodec.java:40)
	at org.openqa.selenium.remote.http.AbstractHttpResponseCodec.decode(AbstractHttpResponseCodec.java:80)
	at org.openqa.selenium.remote.http.AbstractHttpResponseCodec.decode(AbstractHttpResponseCodec.java:44)
	at org.openqa.selenium.remote.HttpCommandExecutor.execute(HttpCommandExecutor.java:158)
	at org.openqa.selenium.remote.service.DriverCommandExecutor.execute(DriverCommandExecutor.java:83)
	at org.openqa.selenium.remote.RemoteWebDriver.execute(RemoteWebDriver.java:552)
	at org.openqa.selenium.remote.RemoteWebDriver.findElement(RemoteWebDriver.java:323)
	at org.openqa.selenium.remote.RemoteWebDriver.findElementByCssSelector(RemoteWebDriver.java:420)
	at org.openqa.selenium.By$ByCssSelector.findElement(By.java:431)
	at org.openqa.selenium.remote.RemoteWebDriver.findElement(RemoteWebDriver.java:315)
	at org.openqa.selenium.support.pagefactory.DefaultElementLocator.findElement(DefaultElementLocator.java:69)
	at org.openqa.selenium.support.pagefactory.internal.LocatingElementHandler.invoke(LocatingElementHandler.java:38)
	at com.sun.proxy.$Proxy12.isDisplayed(Unknown Source)
	at actionScript.MyAccountPageScript.checkMyAccountpage(MyAccountPageScript.java:21)
	at testCase.MyaccountTC.verifyMyAccountpage(MyaccountTC.java:12)
	at sun.reflect.NativeMethodAccessorImpl.invoke0(Native Method)
	at sun.reflect.NativeMethodAccessorImpl.invoke(Unknown Source)
	at sun.reflect.DelegatingMethodAccessorImpl.invoke(Unknown Source)
	at java.lang.reflect.Method.invoke(Unknown Source)
	at org.testng.internal.MethodInvocationHelper.invokeMethod(MethodInvocationHelper.java:80)
	at org.testng.internal.Invoker.invokeMethod(Invoker.java:714)
	at org.testng.internal.Invoker.invokeTestMethod(Invoker.java:901)
	at org.testng.internal.Invoker.invokeTestMethods(Invoker.java:1231)
	at org.testng.internal.TestMethodWorker.invokeTestMethods(TestMethodWorker.java:127)
	at org.testng.internal.TestMethodWorker.run(TestMethodWorker.java:111)
	at org.testng.TestRunner.privateRun(TestRunner.java:767)
	at org.testng.TestRunner.run(TestRunner.java:617)
	at org.testng.SuiteRunner.runTest(SuiteRunner.java:334)
	at org.testng.SuiteRunner.runSequentially(SuiteRunner.java:329)
	at org.testng.SuiteRunner.privateRun(SuiteRunner.java:291)
	at org.testng.SuiteRunner.run(SuiteRunner.java:240)
	at org.testng.SuiteRunnerWorker.runSuite(SuiteRunnerWorker.java:52)
	at org.testng.SuiteRunnerWorker.run(SuiteRunnerWorker.java:86)
	at org.testng.TestNG.runSuitesSequentially(TestNG.java:1198)
	at org.testng.TestNG.runSuitesLocally(TestNG.java:1123)
	at org.testng.TestNG.run(TestNG.java:1031)
	at org.testng.remote.AbstractRemoteTestNG.run(AbstractRemoteTestNG.java:115)
	at org.testng.remote.RemoteTestNG.initAndRun(RemoteTestNG.java:251)
	at org.testng.remote.RemoteTestNG.main(RemoteTestNG.java:77)
]]>
            </full-stacktrace>
          </exception> <!-- org.openqa.selenium.NoSuchElementException -->
          <reporter-output>
          </reporter-output>
        </test-method> <!-- verifyMyAccountpage -->
        <test-method status="PASS" signature="teardown()[pri:0, instance:testCase.MyaccountTC@55f3ddb1]" name="teardown" is-config="true" duration-ms="748" started-at="2019-03-10T21:48:38Z" finished-at="2019-03-10T21:48:39Z">
          <reporter-output>
          </reporter-output>
        </test-method> <!-- teardown -->
      </class> <!-- testCase.MyaccountTC -->
    </test> <!-- Chrome Test -->
    <test name="IE Test" duration-ms="51791" started-at="2019-03-10T13:48:39Z" finished-at="2019-03-10T13:49:31Z">
      <class name="testCase.LoginTC">
        <test-method status="PASS" signature="start(java.lang.String)[pri:0, instance:testCase.LoginTC@6f7fd0e6]" name="start" is-config="true" duration-ms="1847" started-at="2019-03-10T21:48:39Z" finished-at="2019-03-10T21:48:41Z">
          <params>
            <param index="0">
              <value>
                <![CDATA[ie]]>
              </value>
            </param>
          </params>
          <reporter-output>
          </reporter-output>
        </test-method> <!-- start -->
        <test-method status="PASS" signature="initiatebrowser()[pri:0, instance:testCase.LoginTC@6f7fd0e6]" name="initiatebrowser" is-config="true" duration-ms="25486" started-at="2019-03-10T21:48:41Z" finished-at="2019-03-10T21:49:06Z">
          <reporter-output>
          </reporter-output>
        </test-method> <!-- initiatebrowser -->
        <test-method status="PASS" signature="Logintestcase(java.lang.String, java.lang.String)[pri:0, instance:testCase.LoginTC@6f7fd0e6]" name="Logintestcase" duration-ms="23853" started-at="2019-03-10T21:49:06Z" data-provider="Login Authentication" finished-at="2019-03-10T21:49:30Z">
          <params>
            <param index="0">
              <value>
                <![CDATA[santhi.asusvivobook@gmail.com]]>
              </value>
            </param>
            <param index="1">
              <value>
                <![CDATA[automation123]]>
              </value>
            </param>
          </params>
          <reporter-output>
          </reporter-output>
        </test-method> <!-- Logintestcase -->
        <test-method status="PASS" signature="teardown()[pri:0, instance:testCase.LoginTC@6f7fd0e6]" name="teardown" is-config="true" duration-ms="566" started-at="2019-03-10T21:49:30Z" finished-at="2019-03-10T21:49:31Z">
          <reporter-output>
          </reporter-output>
        </test-method> <!-- teardown -->
      </class> <!-- testCase.LoginTC -->
    </test> <!-- IE Test -->
  </suite> <!-- Suite -->
</testng-results>
